<?xml version="1.0" encoding="UTF-8"?>
<!-- Generated by org.testng.reporters.JUnitReportReporter -->
<testsuite hostname="LAPTOP-BC0T3VLO" failures="0" tests="1" name="com.crmpro.test.GenericClass02" time="22.017" errors="0" timestamp="10 Mar 2020 19:56:22 GMT" skipped="0">
  <testcase classname="com.crmpro.test.GenericClass02" name="verify_contact_creation" time="22.017"/>
</testsuite> <!-- com.crmpro.test.GenericClass02 -->
