<?xml version="1.0" encoding="UTF-8"?>
<!-- Generated by org.testng.reporters.JUnitReportReporter -->
<testsuite hostname="LAPTOP-BC0T3VLO" failures="0" tests="1" name="com.crmpro.generics.Baseclass" time="26.911" errors="0" timestamp="17 Feb 2020 19:21:09 GMT" skipped="0">
  <testcase classname="com.crmpro.generics.Baseclass" name="Precondition" time="26.911"/>
</testsuite> <!-- com.crmpro.generics.Baseclass -->
